<?xml version="1.0" encoding="UTF-8"?>
<!-- Generated by org.testng.reporters.JUnitReportReporter -->
<testsuite skipped="0" hostname="ip-172-31-4-59" name="Test.Dataprovider" tests="2" failures="0" timestamp="2021-02-22T04:21:42 UTC" time="0.009" errors="0">
  <testcase name="additiontest" time="0.007" classname="Test.Dataprovider"/>
  <system-out/>
  <testcase name="additiontest" time="0.002" classname="Test.Dataprovider"/>
  <system-out/>
</testsuite> <!-- Test.Dataprovider -->
