<?xml version="1.0" encoding="UTF-8"?>
<!-- Generated by org.testng.reporters.JUnitReportReporter -->
<testsuite skipped="0" hostname="ip-172-31-4-59" name="Test.Annotation" tests="2" failures="0" timestamp="2021-02-19T06:48:22 UTC" time="0.009" errors="0">
  <testcase name="method2" time="0.001" classname="Test.Annotation"/>
  <system-out/>
  <testcase name="method1" time="0.008" classname="Test.Annotation"/>
  <system-out/>
</testsuite> <!-- Test.Annotation -->
