<?xml version="1.0" encoding="UTF-8"?>
<!-- Generated by org.testng.reporters.JUnitReportReporter -->
<testsuite skipped="0" hostname="ip-172-31-4-59" name="Test.Testcase2" tests="1" failures="0" timestamp="2021-02-19T06:54:50 UTC" time="0.001" errors="0">
  <testcase name="method3" time="0.001" classname="Test.Testcase2"/>
  <system-out/>
</testsuite> <!-- Test.Testcase2 -->
