<?xml version="1.0" encoding="UTF-8"?>
<!-- Generated by org.testng.reporters.JUnitReportReporter -->
<testsuite skipped="0" hostname="ip-172-31-4-59" name="Test.Group" tests="3" failures="0" timestamp="2021-02-19T07:23:07 UTC" time="0.014" errors="0">
  <testcase name="method3" time="0.001" classname="Test.Group"/>
  <system-out/>
  <testcase name="method2" time="0.002" classname="Test.Group"/>
  <system-out/>
  <testcase name="method1" time="0.011" classname="Test.Group"/>
  <system-out/>
</testsuite> <!-- Test.Group -->
