<?xml version="1.0" encoding="UTF-8"?>
<!-- Generated by org.testng.reporters.JUnitReportReporter -->
<testsuite skipped="0" hostname="ip-172-31-4-59" name="Test.ParametersEx" tests="1" failures="0" timestamp="2021-02-22T04:05:32 UTC" time="0.009" errors="0">
  <testcase name="testcase1" time="0.009" classname="Test.ParametersEx"/>
  <system-out/>
</testsuite> <!-- Test.ParametersEx -->
